<?xml version="1.0" encoding="UTF-8"?>
<!-- Generated by org.testng.reporters.JUnitXMLReporter -->
<testsuite hostname="DESKTOP-F2OPDFF" ignored="0" name="Test" tests="4" failures="0" timestamp="07 Jan 2020 14:57:57 GMT" time="0.034" errors="0">
  <testcase name="BrowserAutomation" time="0.008" classname="Qaclickacademy.SeleniumTest"/>
  <testcase name="elementUI" time="0.0" classname="Qaclickacademy.SeleniumTest"/>
  <testcase name="deleteTwitter" time="0.001" classname="Qaclickacademy.RESTAPITest"/>
  <testcase name="postJira" time="0.0" classname="Qaclickacademy.RESTAPITest"/>
</testsuite> <!-- Test -->
