<?xml version="1.0" encoding="UTF-8"?>
<testng-results skipped="0" failed="0" ignored="0" total="4" passed="4">
  <reporter-output>
  </reporter-output>
  <suite name="Suite" duration-ms="34" started-at="2020-01-07T14:57:57Z" finished-at="2020-01-07T14:57:57Z">
    <groups>
    </groups>
    <test name="Test" duration-ms="34" started-at="2020-01-07T14:57:57Z" finished-at="2020-01-07T14:57:57Z">
      <class name="Qaclickacademy.RESTAPITest">
        <test-method status="PASS" signature="deleteTwitter()[pri:0, instance:Qaclickacademy.RESTAPITest@6a024a67]" name="deleteTwitter" duration-ms="1" started-at="2020-01-07T14:57:57Z" finished-at="2020-01-07T14:57:57Z">
          <reporter-output>
          </reporter-output>
        </test-method> <!-- deleteTwitter -->
        <test-method status="PASS" signature="postJira()[pri:0, instance:Qaclickacademy.RESTAPITest@6a024a67]" name="postJira" duration-ms="0" started-at="2020-01-07T14:57:57Z" finished-at="2020-01-07T14:57:57Z">
          <reporter-output>
          </reporter-output>
        </test-method> <!-- postJira -->
      </class> <!-- Qaclickacademy.RESTAPITest -->
      <class name="Qaclickacademy.SeleniumTest">
        <test-method status="PASS" signature="BrowserAutomation()[pri:0, instance:Qaclickacademy.SeleniumTest@6ea12c19]" name="BrowserAutomation" duration-ms="8" started-at="2020-01-07T14:57:57Z" finished-at="2020-01-07T14:57:57Z">
          <reporter-output>
          </reporter-output>
        </test-method> <!-- BrowserAutomation -->
        <test-method status="PASS" signature="elementUI()[pri:0, instance:Qaclickacademy.SeleniumTest@6ea12c19]" name="elementUI" duration-ms="0" started-at="2020-01-07T14:57:57Z" finished-at="2020-01-07T14:57:57Z">
          <reporter-output>
          </reporter-output>
        </test-method> <!-- elementUI -->
      </class> <!-- Qaclickacademy.SeleniumTest -->
    </test> <!-- Test -->
  </suite> <!-- Suite -->
</testng-results>
