<?xml version="1.0" encoding="UTF-8"?>
<testng-results skipped="0" failed="0" ignored="0" total="2" passed="2">
  <reporter-output>
  </reporter-output>
  <suite name="Default suite" duration-ms="53" started-at="2020-01-07T16:20:47 IST" finished-at="2020-01-07T16:20:47 IST">
    <groups>
    </groups>
    <test name="Default test" duration-ms="53" started-at="2020-01-07T16:20:47 IST" finished-at="2020-01-07T16:20:47 IST">
      <class name="Qaclickacademy.AppiumTest">
        <test-method status="PASS" signature="IOSApps()[pri:0, instance:Qaclickacademy.AppiumTest@3fd7a715]" name="IOSApps" duration-ms="10" started-at="2020-01-07T16:20:47 IST" finished-at="2020-01-07T16:20:47 IST">
          <reporter-output>
          </reporter-output>
        </test-method> <!-- IOSApps -->
        <test-method status="PASS" signature="NativeAppAndroid()[pri:0, instance:Qaclickacademy.AppiumTest@3fd7a715]" name="NativeAppAndroid" duration-ms="1" started-at="2020-01-07T16:20:47 IST" finished-at="2020-01-07T16:20:47 IST">
          <reporter-output>
          </reporter-output>
        </test-method> <!-- NativeAppAndroid -->
      </class> <!-- Qaclickacademy.AppiumTest -->
    </test> <!-- Default test -->
  </suite> <!-- Default suite -->
</testng-results>
